<?xml version="1.0" encoding="UTF-8"?>
<testsuite name="dominio.unitaria.LibroTest" tests="1" skipped="0" failures="0" errors="0" timestamp="2018-07-18T20:18:45" hostname="CPX-AD2B85G5GMI" time="0.0">
  <properties/>
  <testcase name="crearLibroTest" classname="dominio.unitaria.LibroTest" time="0.0"/>
  <system-out><![CDATA[]]></system-out>
  <system-err><![CDATA[]]></system-err>
</testsuite>
